Unity Editor version:    2020.3.39f1 (fd6670bb8be9)
Branch:                  2020.3/staging
Build type:              Release
Batch mode:              YES
macOS version:           Version 12.6 (Build 21G115)
Darwin version:          21.6.0
Architecture:            x86_64
Running under Rosetta:   YES
Available memory:        16384 MB
Using pre-set license
Pro License: NO

COMMAND LINE ARGUMENTS:
/Applications/Unity/Hub/Editor/2020.3.39f1/Unity.app/Contents/MacOS/Unity
-adb2
-batchMode
-noUpm
-name
AssetImportWorker0
-projectPath
/Users/lucas/Proyectos Unity/PinPong
-logFile
Logs/AssetImportWorker0.log
-srvPort
55303
Successfully changed project path to: /Users/lucas/Proyectos Unity/PinPong
/Users/lucas/Proyectos Unity/PinPong
Using Asset Import Pipeline V2.
Refreshing native plugins compatible for Editor in 36.04 ms, found 3 plugins.
Preloading 0 native plugins for Editor in 0.00 ms.
Initialize engine version: 2020.3.39f1 (fd6670bb8be9)
[Subsystems] Discovering subsystems at path /Applications/Unity/Hub/Editor/2020.3.39f1/Unity.app/Contents/Resources/UnitySubsystems
[Subsystems] Discovering subsystems at path /Users/lucas/Proyectos Unity/PinPong/Assets
GfxDevice: creating device client; threaded=0
2022-09-27 22:24:16.398 Unity[9160:402455] (null) preferred device: Apple M2 (high power)
2022-09-27 22:24:16.400 Unity[9160:402455] Metal devices available: 1
2022-09-27 22:24:16.400 Unity[9160:402455] 0: Apple M2 (high power)
2022-09-27 22:24:16.400 Unity[9160:402455] Using device Apple M2 (high power)
Initializing Metal device caps: Apple M2
Initialize mono
Mono path[0] = '/Applications/Unity/Hub/Editor/2020.3.39f1/Unity.app/Contents/Managed'
Mono path[1] = '/Applications/Unity/Hub/Editor/2020.3.39f1/Unity.app/Contents/MonoBleedingEdge/lib/mono/unityjit'
Mono config path = '/Applications/Unity/Hub/Editor/2020.3.39f1/Unity.app/Contents/MonoBleedingEdge/etc'
Using monoOptions --debugger-agent=transport=dt_socket,embedding=1,server=y,suspend=n,address=127.0.0.1:56160
Begin MonoManager ReloadAssembly
Registering precompiled unity dll's ...
Register platform support module: /Applications/Unity/Hub/Editor/2020.3.39f1/Unity.app/Contents/PlaybackEngines/MacStandaloneSupport/UnityEditor.OSXStandalone.Extensions.dll
Registered in 0.001915 seconds.
Native extension for OSXStandalone target not found
Refreshing native plugins compatible for Editor in 36.08 ms, found 3 plugins.
Preloading 0 native plugins for Editor in 0.00 ms.
Mono: successfully reloaded assembly
- Completed reload, in  0.971 seconds
Domain Reload Profiling:
	ReloadAssembly (971ms)
		BeginReloadAssembly (94ms)
			ExecutionOrderSort (0ms)
			DisableScriptedObjects (0ms)
			BackupInstance (0ms)
			ReleaseScriptingObjects (0ms)
			CreateAndSetChildDomain (2ms)
		EndReloadAssembly (795ms)
			LoadAssemblies (93ms)
			RebuildTransferFunctionScriptingTraits (0ms)
			SetupTypeCache (114ms)
			ReleaseScriptCaches (0ms)
			RebuildScriptCaches (26ms)
			SetupLoadedEditorAssemblies (417ms)
				LogAssemblyErrors (0ms)
				InitializePlatformSupportModulesInManaged (9ms)
				SetLoadedEditorAssemblies (0ms)
				RefreshPlugins (36ms)
				BeforeProcessingInitializeOnLoad (24ms)
				ProcessInitializeOnLoadAttributes (258ms)
				ProcessInitializeOnLoadMethodAttributes (89ms)
				AfterProcessingInitializeOnLoad (0ms)
				EditorAssembliesLoaded (1ms)
			ExecutionOrderSort2 (0ms)
			AwakeInstancesAfterBackupRestoration (0ms)
Platform modules already initialized, skipping
Registering precompiled user dll's ...
Registered in 0.003044 seconds.
Begin MonoManager ReloadAssembly
Native extension for OSXStandalone target not found
Refreshing native plugins compatible for Editor in 35.30 ms, found 3 plugins.
Preloading 0 native plugins for Editor in 0.00 ms.
Mono: successfully reloaded assembly
- Completed reload, in  1.737 seconds
Domain Reload Profiling:
	ReloadAssembly (1739ms)
		BeginReloadAssembly (189ms)
			ExecutionOrderSort (0ms)
			DisableScriptedObjects (28ms)
			BackupInstance (0ms)
			ReleaseScriptingObjects (0ms)
			CreateAndSetChildDomain (17ms)
		EndReloadAssembly (1488ms)
			LoadAssemblies (174ms)
			RebuildTransferFunctionScriptingTraits (0ms)
			SetupTypeCache (211ms)
			ReleaseScriptCaches (0ms)
			RebuildScriptCaches (37ms)
			SetupLoadedEditorAssemblies (855ms)
				LogAssemblyErrors (0ms)
				InitializePlatformSupportModulesInManaged (8ms)
				SetLoadedEditorAssemblies (0ms)
				RefreshPlugins (35ms)
				BeforeProcessingInitializeOnLoad (127ms)
				ProcessInitializeOnLoadAttributes (621ms)
				ProcessInitializeOnLoadMethodAttributes (62ms)
				AfterProcessingInitializeOnLoad (1ms)
				EditorAssembliesLoaded (0ms)
			ExecutionOrderSort2 (0ms)
			AwakeInstancesAfterBackupRestoration (3ms)
Platform modules already initialized, skipping
Validating Project structure ... 0.000380 seconds.
Shader import version has changed; will reimport all shaders...
Upgrading shader files ...0.000346 seconds.
Application.AssetDatabase Initial Script Refresh Start
RefreshInfo: InitialScriptRefreshV2(NoUpdateAssetOptions) scanfilter:  ... 1 filters
RefreshProfiler: Total: 0.000ms
Application.AssetDatabase Initial Script Refresh End
Application.AssetDatabase.Refresh Start
Application.AssetDatabase.Refresh End
RefreshInfo: StopAssetImportingV2(ForceSynchronousImport) scanfilter: 
RefreshProfiler: Total: 0.000ms
Launching external process: /Applications/Unity/Hub/Editor/2020.3.39f1/Unity.app/Contents/Tools/UnityShaderCompiler
Launched and connected shader compiler UnityShaderCompiler after 0.02 seconds
Initializing Unity extensions:
2022-09-27 22:24:20.258 Unity[9160:402455] NSEventModifierFlagFunction specified to -setKeyEquivalentModifierMask: for item <NSMenuItem: 0x6000037cc8c0 Font Asset, ke='Command-F12'>, but is only supported for system-provided menu items; will not be used
2022-09-27 22:24:20.260 Unity[9160:402455] NSEventModifierFlagFunction specified to -setKeyEquivalentModifierMask: for item <NSMenuItem: 0x6000037b9570 Font Asset, ke='Command-F12'>, but is only supported for system-provided menu items; will not be used
========================================================================
Worker process is ready to serve import requests
Refreshing native plugins compatible for Editor in 0.17 ms, found 3 plugins.
Preloading 0 native plugins for Editor in 0.00 ms.
Unloading 2228 Unused Serialized files (Serialized files now loaded: 0)
System memory in use before: 214.5 MB.
System memory in use after: 213.7 MB.

Unloading 112 unused Assets to reduce memory usage. Loaded Objects now: 2700.
Total: 2.449792 ms (FindLiveObjects: 0.097958 ms CreateObjectMapping: 0.033042 ms MarkObjects: 1.947458 ms  DeleteObjects: 0.370750 ms)

AssetImportParameters requested are different than current active one (requested -> active):
  custom:video-decoder-ogg-theora: a1e56fd34408186e4bbccfd4996cb3dc -> 
  custom:container-muxer-webm: aa71ff27fc2769a1b78a27578f13a17b -> 
  custom:container-demuxer-webm: 4f35f7cbe854078d1ac9338744f61a02 -> 
  custom:container-demuxer-ogg: 62fdf1f143b41e24485cea50d1cbac27 -> 
  custom:video-encoder-webm-vp8: eb34c28f22e8b96e1ab97ce403110664 -> 
  custom:framework-osx-AVFoundation: e770b220cccbd017edd2c1fefb359320 -> 
  custom:video-decoder-webm-vp8: 9c59270c3fd7afecdb556c50c9e8de78 -> 
  custom:audio-decoder-ogg-vorbis: bf7c407c2cedff20999df2af8eb42d56 -> 
  custom:audio-encoder-webm-vorbis: bf7c407c2cedff20999df2af8eb42d56 -> 
========================================================================
Received Import Request.
  path: Assets/Scenes/VictoriaJug1.unity
  artifactKey: Guid(e6661d56410304be988972a1c5797c88) Importer(815301076,1909f56bfc062723c751e8b465ee728b)
Start importing Assets/Scenes/VictoriaJug1.unity using Guid(e6661d56410304be988972a1c5797c88) Importer(815301076,1909f56bfc062723c751e8b465ee728b)  -> (artifact id: '69fee429bf60620e059f84fdd7853d8a') in 0.006428 seconds 
========================================================================
Received Import Request.
  Time since last request: 39.739716 seconds.
  path: Assets/Scenes/JugadorVSJugador.unity
  artifactKey: Guid(2cda990e2423bbf4892e6590ba056729) Importer(815301076,1909f56bfc062723c751e8b465ee728b)
Start importing Assets/Scenes/JugadorVSJugador.unity using Guid(2cda990e2423bbf4892e6590ba056729) Importer(815301076,1909f56bfc062723c751e8b465ee728b)  -> (artifact id: '00d589482827f9b270f7ba01b7209f9c') in 0.001885 seconds 
========================================================================
Received Import Request.
  Time since last request: 168.831888 seconds.
  path: Assets/Scenes/Menu.unity
  artifactKey: Guid(3ba6ecb2c5e39443ea7f4d3ca8fdd1b5) Importer(815301076,1909f56bfc062723c751e8b465ee728b)
Start importing Assets/Scenes/Menu.unity using Guid(3ba6ecb2c5e39443ea7f4d3ca8fdd1b5) Importer(815301076,1909f56bfc062723c751e8b465ee728b)  -> (artifact id: '3ae70e55512f715ae8b604d23c86a433') in 0.001779 seconds 
========================================================================
Received Import Request.
  Time since last request: 83.776938 seconds.
  path: Assets/Scenes/JugadorVSJugador.unity
  artifactKey: Guid(2cda990e2423bbf4892e6590ba056729) Importer(815301076,1909f56bfc062723c751e8b465ee728b)
Start importing Assets/Scenes/JugadorVSJugador.unity using Guid(2cda990e2423bbf4892e6590ba056729) Importer(815301076,1909f56bfc062723c751e8b465ee728b)  -> (artifact id: '806022d081f1f8179a5f4de3ecb98fc1') in 0.001920 seconds 
========================================================================
Received Import Request.
  Time since last request: 3.700175 seconds.
  path: Assets/Scenes/Menu.unity
  artifactKey: Guid(3ba6ecb2c5e39443ea7f4d3ca8fdd1b5) Importer(815301076,1909f56bfc062723c751e8b465ee728b)
Start importing Assets/Scenes/Menu.unity using Guid(3ba6ecb2c5e39443ea7f4d3ca8fdd1b5) Importer(815301076,1909f56bfc062723c751e8b465ee728b)  -> (artifact id: '4bd5ed3abcfb0c26cb13ef44a6438b02') in 0.001707 seconds 
========================================================================
Received Import Request.
  Time since last request: 1.234906 seconds.
  path: Assets/Scenes/VictoriaJug1.unity
  artifactKey: Guid(e6661d56410304be988972a1c5797c88) Importer(815301076,1909f56bfc062723c751e8b465ee728b)
Start importing Assets/Scenes/VictoriaJug1.unity using Guid(e6661d56410304be988972a1c5797c88) Importer(815301076,1909f56bfc062723c751e8b465ee728b)  -> (artifact id: '2366c98f260ab6e21c5ed6c231f63485') in 0.001515 seconds 
========================================================================
Received Import Request.
  Time since last request: 1.499083 seconds.
  path: Assets/Scenes/VictoriaJug2.unity
  artifactKey: Guid(5e7430edf472a44919a095c2df654b06) Importer(815301076,1909f56bfc062723c751e8b465ee728b)
Start importing Assets/Scenes/VictoriaJug2.unity using Guid(5e7430edf472a44919a095c2df654b06) Importer(815301076,1909f56bfc062723c751e8b465ee728b)  -> (artifact id: '568bf177d5ca2834c5bd299cde51f0b8') in 0.002454 seconds 
